\BOOKMARK [1][-]{section.1}{Introduction}{}% 1
\BOOKMARK [1][-]{section.2}{Related work}{}% 2
\BOOKMARK [2][-]{subsection.2.1}{Traditional QoS strategies}{section.2}% 3
\BOOKMARK [2][-]{subsection.2.2}{SDN enabled QoS approach}{section.2}% 4
\BOOKMARK [3][-]{subsubsection.2.2.1}{Resource Reservation}{subsection.2.2}% 5
\BOOKMARK [3][-]{subsubsection.2.2.2}{Per-flow Routing Frameworks}{subsection.2.2}% 6
\BOOKMARK [3][-]{subsubsection.2.2.3}{Queue Management and Packet Scheduling}{subsection.2.2}% 7
\BOOKMARK [3][-]{subsubsection.2.2.4}{Policy Enforcement}{subsection.2.2}% 8
\BOOKMARK [2][-]{subsection.2.3}{QoS in home netowrks}{section.2}% 9
\BOOKMARK [1][-]{section.3}{Approach}{}% 10
\BOOKMARK [2][-]{subsection.3.1}{Overview}{section.3}% 11
\BOOKMARK [2][-]{subsection.3.2}{Configuration Module}{section.3}% 12
\BOOKMARK [2][-]{subsection.3.3}{Flow classfier module}{section.3}% 13
\BOOKMARK [2][-]{subsection.3.4}{Traffic monitor module}{section.3}% 14
\BOOKMARK [2][-]{subsection.3.5}{Control Module}{section.3}% 15
\BOOKMARK [3][-]{subsubsection.3.5.1}{Dynamic queue assignment algorithm}{subsection.3.5}% 16
\BOOKMARK [2][-]{subsection.3.6}{Web Portal Module}{section.3}% 17
\BOOKMARK [2][-]{subsection.3.7}{Implementation}{section.3}% 18
\BOOKMARK [1][-]{section.4}{Evaluation}{}% 19
\BOOKMARK [2][-]{subsection.4.1}{Evaluation setup}{section.4}% 20
\BOOKMARK [3][-]{subsubsection.4.1.1}{Scenario 1}{subsection.4.1}% 21
\BOOKMARK [3][-]{subsubsection.4.1.2}{Scenario 2}{subsection.4.1}% 22
\BOOKMARK [1][-]{section.5}{Conclusion and Future work}{}% 23
